{
  "RSpec": {
    "coverage": {
      "/Users/lindale/turing/mod2/projects/adopt_dont_shop/config/environment.rb": [
        null,
        1,
        null,
        null,
        1
      ],
      "/Users/lindale/turing/mod2/projects/adopt_dont_shop/config/application.rb": [
        1,
        null,
        1,
        null,
        1,
        1,
        1,
        1,
        1,
        1,
        1,
        1,
        null,
        null,
        null,
        null,
        1,
        null,
        1,
        1,
        null,
        1,
        null,
        null,
        null,
        null,
        null,
        null,
        1,
        null,
        null
      ],
      "/Users/lindale/turing/mod2/projects/adopt_dont_shop/config/boot.rb": [
        1,
        null,
        1
      ],
      "/Users/lindale/turing/mod2/projects/adopt_dont_shop/config/environments/test.rb": [
        1,
        null,
        null,
        null,
        null,
        null,
        null,
        1,
        null,
        null,
        null,
        null,
        1,
        null,
        null,
        1,
        1,
        null,
        null,
        null,
        null,
        1,
        1,
        null,
        null,
        1,
        null,
        null,
        1,
        1,
        null,
        null,
        null,
        null,
        1,
        null,
        null,
        1,
        null,
        null,
        null,
        null
      ],
      "/Users/lindale/turing/mod2/projects/adopt_dont_shop/config/initializers/application_controller_renderer.rb": [
        null,
        null,
        null,
        null,
        null,
        null,
        null,
        null
      ],
      "/Users/lindale/turing/mod2/projects/adopt_dont_shop/config/initializers/assets.rb": [
        null,
        null,
        null,
        1,
        null,
        null,
        null,
        null,
        1,
        null,
        null,
        null,
        null,
        null
      ],
      "/Users/lindale/turing/mod2/projects/adopt_dont_shop/config/initializers/backtrace_silencers.rb": [
        null,
        null,
        null,
        null,
        null,
        null,
        null
      ],
      "/Users/lindale/turing/mod2/projects/adopt_dont_shop/config/initializers/cookies_serializer.rb": [
        null,
        null,
        null,
        null,
        1
      ],
      "/Users/lindale/turing/mod2/projects/adopt_dont_shop/config/initializers/filter_parameter_logging.rb": [
        null,
        null,
        null,
        1
      ],
      "/Users/lindale/turing/mod2/projects/adopt_dont_shop/config/initializers/inflections.rb": [
        null,
        null,
        null,
        null,
        null,
        null,
        null,
        null,
        null,
        null,
        null,
        null,
        null,
        null,
        null,
        null
      ],
      "/Users/lindale/turing/mod2/projects/adopt_dont_shop/config/initializers/mime_types.rb": [
        null,
        null,
        null,
        null
      ],
      "/Users/lindale/turing/mod2/projects/adopt_dont_shop/config/initializers/wrap_parameters.rb": [
        null,
        null,
        null,
        null,
        null,
        null,
        1,
        2,
        null,
        null,
        null,
        null,
        null,
        null
      ],
      "/Users/lindale/turing/mod2/projects/adopt_dont_shop/config/routes.rb": [
        1,
        null,
        1,
        1,
        1,
        1,
        1,
        1,
        1,
        1,
        null,
        1,
        1,
        1,
        1,
        1,
        1,
        1,
        1,
        null,
        null,
        null,
        null
      ],
      "/Users/lindale/turing/mod2/projects/adopt_dont_shop/app/helpers/application_helper.rb": [
        1,
        null
      ],
      "/Users/lindale/turing/mod2/projects/adopt_dont_shop/spec/features/pet/pet_index_spec.rb": [
        1,
        null,
        1,
        1,
        null,
        1,
        null,
        null,
        null,
        null,
        null,
        1,
        null,
        null,
        null,
        null,
        null,
        null,
        1,
        1,
        1,
        null,
        1,
        1,
        1,
        1,
        1,
        null,
        1,
        1,
        null,
        null,
        null,
        null
      ],
      "/Users/lindale/turing/mod2/projects/adopt_dont_shop/spec/features/pet/pet_show_spec.rb": [
        1,
        null,
        1,
        1,
        null,
        1,
        null,
        null,
        null,
        null,
        null,
        1,
        null,
        null,
        null,
        null,
        null,
        null,
        1,
        1,
        1,
        null,
        1,
        1,
        1,
        1,
        1,
        1,
        null,
        1,
        1,
        null,
        null
      ],
      "/Users/lindale/turing/mod2/projects/adopt_dont_shop/spec/features/pet/pet_update_spec.rb": [
        1,
        null,
        1,
        1,
        null,
        1,
        null,
        null,
        null,
        null,
        null,
        1,
        null,
        null,
        null,
        null,
        null,
        null,
        null,
        1,
        null,
        1,
        1,
        1,
        1,
        null,
        1,
        1,
        1,
        1,
        null,
        1,
        1,
        null,
        1,
        null,
        1,
        1,
        1,
        null,
        null,
        null,
        null
      ],
      "/Users/lindale/turing/mod2/projects/adopt_dont_shop/spec/features/pet/shelter_pet_creation_spec.rb": [
        1,
        null,
        1,
        1,
        null,
        1,
        null,
        null,
        null,
        null,
        null,
        1,
        1,
        1,
        null,
        1,
        1,
        null,
        1,
        1,
        1,
        1,
        1,
        1,
        null,
        1,
        1,
        1,
        1,
        1,
        1,
        null,
        null,
        null
      ],
      "/Users/lindale/turing/mod2/projects/adopt_dont_shop/spec/features/pet/shelter_pets_index_spec.rb": [
        1,
        null,
        1,
        1,
        null,
        1,
        null,
        null,
        null,
        null,
        null,
        1,
        null,
        null,
        null,
        null,
        null,
        null,
        1,
        1,
        1,
        null,
        1,
        1,
        1,
        1,
        null,
        null
      ],
      "/Users/lindale/turing/mod2/projects/adopt_dont_shop/spec/features/shelter/shelter_creation_spec.rb": [
        1,
        null,
        1,
        1,
        null,
        1,
        1,
        1,
        null,
        1,
        1,
        null,
        1,
        null,
        1,
        null,
        null,
        1,
        null,
        1,
        null,
        1,
        1,
        1,
        1,
        1,
        1,
        null,
        1,
        null,
        null
      ],
      "/Users/lindale/turing/mod2/projects/adopt_dont_shop/spec/features/shelter/shelter_delete_spec.rb": [
        1,
        null,
        1,
        1,
        null,
        1,
        null,
        null,
        null,
        null,
        null,
        1,
        1,
        1,
        null,
        1,
        1,
        null,
        1,
        null,
        1,
        null,
        null
      ],
      "/Users/lindale/turing/mod2/projects/adopt_dont_shop/spec/features/shelter/shelter_index_spec.rb": [
        1,
        null,
        1,
        1,
        1,
        1,
        null,
        1,
        1,
        1,
        null,
        1,
        1,
        1,
        1,
        1,
        1,
        1,
        null,
        null
      ],
      "/Users/lindale/turing/mod2/projects/adopt_dont_shop/spec/features/shelter/shelter_show_spec.rb": [
        1,
        null,
        null,
        1,
        1,
        null,
        1,
        null,
        null,
        null,
        null,
        null,
        1,
        1,
        1,
        1,
        null,
        1,
        1,
        1,
        1,
        1,
        null,
        null
      ],
      "/Users/lindale/turing/mod2/projects/adopt_dont_shop/spec/features/shelter/shelter_update_spec.rb": [
        1,
        null,
        1,
        1,
        null,
        1,
        null,
        null,
        null,
        null,
        null,
        1,
        1,
        1,
        null,
        1,
        null,
        1,
        1,
        null,
        1,
        1,
        1,
        1,
        1,
        null,
        1,
        1,
        null,
        1,
        null,
        1,
        1,
        1,
        null,
        null,
        null
      ],
      "/Users/lindale/turing/mod2/projects/adopt_dont_shop/app/models/shelter.rb": [
        1,
        1,
        null
      ],
      "/Users/lindale/turing/mod2/projects/adopt_dont_shop/app/models/application_record.rb": [
        1,
        1,
        null
      ],
      "/Users/lindale/turing/mod2/projects/adopt_dont_shop/app/models/pet.rb": [
        1,
        1,
        null
      ],
      "/Users/lindale/turing/mod2/projects/adopt_dont_shop/app/controllers/pets_controller.rb": [
        1,
        1,
        2,
        null,
        null,
        1,
        3,
        3,
        null,
        null,
        1,
        4,
        null,
        null,
        1,
        1,
        null,
        null,
        1,
        1,
        1,
        1,
        null,
        null,
        1,
        1,
        null,
        null,
        1,
        1,
        1,
        1,
        1,
        null,
        null,
        1,
        1,
        1,
        null,
        null,
        1,
        1,
        2,
        null,
        null,
        null
      ],
      "/Users/lindale/turing/mod2/projects/adopt_dont_shop/app/controllers/application_controller.rb": [
        1,
        1,
        null
      ],
      "/Users/lindale/turing/mod2/projects/adopt_dont_shop/app/controllers/shelters_controller.rb": [
        1,
        1,
        4,
        null,
        null,
        1,
        1,
        1,
        1,
        null,
        null,
        1,
        null,
        null,
        1,
        4,
        null,
        null,
        1,
        1,
        null,
        null,
        1,
        1,
        1,
        1,
        1,
        null,
        null,
        1,
        1,
        1,
        null,
        null,
        1,
        1,
        2,
        null,
        null
      ]
    },
    "timestamp": 1574666900
  }
}
